2024/08/09 17:10:51 Process started: mail
2024/08/09 17:10:51 Process started: frontend
2024/08/09 17:10:51 Process started: queue
2024/08/09 17:10:51 Process started: schedule
2024/08/09 17:10:51 Process started: stripe
2024/08/09 17:10:52 Tick
2024/08/09 17:10:52 Tick
2024/08/09 17:10:53 Tick
2024/08/09 17:10:54 Tick
2024/08/09 17:10:55 Tick
2024/08/09 17:10:56 Tick
2024/08/09 17:10:57 Tick
2024/08/09 17:10:58 Tick
2024/08/09 17:10:59 Tick
2024/08/09 17:11:00 Tick
2024/08/09 17:11:01 Tick
2024/08/09 17:11:02 Tick
2024/08/09 17:11:03 Tick
2024/08/09 17:11:04 Tick
2024/08/09 17:11:05 Tick
2024/08/09 17:11:06 Tick
2024/08/09 17:11:07 Tick
2024/08/09 17:11:08 Tick
2024/08/09 17:11:09 Tick
2024/08/09 17:11:10 Tick
2024/08/09 17:11:11 Tick
2024/08/09 17:11:12 Tick
2024/08/09 17:11:13 Tick
2024/08/09 17:11:14 Tick
2024/08/09 17:11:15 Tick
2024/08/09 17:11:16 Tick
2024/08/09 17:11:17 Tick
2024/08/09 17:11:18 Tick
2024/08/09 17:11:19 Tick
2024/08/09 17:11:20 Tick
2024/08/09 17:11:21 Tick
2024/08/09 17:11:22 Tick
2024/08/09 17:11:23 Tick
2024/08/09 17:11:24 Tick
2024/08/09 17:11:25 Tick
2024/08/09 17:11:26 Tick
2024/08/09 17:11:27 Tick
2024/08/09 17:11:28 Tick
2024/08/09 17:11:29 Tick
2024/08/09 17:11:30 Tick
2024/08/09 17:11:31 Tick
2024/08/09 17:11:32 Tick
2024/08/09 17:11:33 Tick
2024/08/09 17:11:34 Tick
2024/08/09 17:11:35 Tick
2024/08/09 17:11:36 Tick
2024/08/09 17:11:37 Tick
2024/08/09 17:11:38 Tick
2024/08/09 17:11:39 Tick
2024/08/09 17:11:40 Tick
2024/08/09 17:11:41 Tick
2024/08/09 17:11:42 Tick
2024/08/09 17:11:43 Tick
2024/08/09 17:11:44 Tick
2024/08/09 17:11:45 Tick
2024/08/09 17:11:46 Tick
2024/08/09 17:11:47 Tick
2024/08/09 17:11:48 Tick
2024/08/09 17:11:49 Tick
2024/08/09 17:11:50 Tick
2024/08/09 17:11:51 Tick
2024/08/09 17:11:52 Tick
2024/08/09 17:11:53 Tick
2024/08/09 17:11:54 Tick
2024/08/09 17:11:55 Tick
2024/08/09 17:11:56 Tick
2024/08/09 17:11:57 Tick
2024/08/09 17:11:58 Tick
2024/08/09 17:11:59 Tick
2024/08/09 17:12:00 Tick
2024/08/09 17:12:01 Tick
2024/08/09 17:12:02 Tick
2024/08/09 17:12:03 Tick
2024/08/09 17:12:04 Tick
2024/08/09 17:12:05 Tick
2024/08/09 17:12:06 Tick
2024/08/09 17:12:07 Tick
2024/08/09 17:12:08 Tick
2024/08/09 17:12:09 Tick
2024/08/09 17:12:10 Tick
2024/08/09 17:12:11 Tick
2024/08/09 17:12:12 Tick
2024/08/09 17:12:13 Tick
2024/08/09 17:12:14 Tick
2024/08/09 17:12:15 Tick
2024/08/09 17:12:16 Tick
2024/08/09 17:12:17 Tick
2024/08/09 17:12:18 Tick
2024/08/09 17:12:19 Tick
2024/08/09 17:12:20 Tick
